c:\users\miron\projects\gomihiroi\gomihiroi\release\vc142.pdb
c:\users\miron\projects\gomihiroi\gomihiroi\release\title.obj
c:\users\miron\projects\gomihiroi\gomihiroi\release\timelimit.obj
c:\users\miron\projects\gomihiroi\gomihiroi\release\texture.obj
c:\users\miron\projects\gomihiroi\gomihiroi\release\sprite.obj
c:\users\miron\projects\gomihiroi\gomihiroi\release\score.obj
c:\users\miron\projects\gomihiroi\gomihiroi\release\scene.obj
c:\users\miron\projects\gomihiroi\gomihiroi\release\normalresult.obj
c:\users\miron\projects\gomihiroi\gomihiroi\release\puzzleblock5.obj
c:\users\miron\projects\gomihiroi\gomihiroi\release\puzzleblock4.obj
c:\users\miron\projects\gomihiroi\gomihiroi\release\puzzleblock3.obj
c:\users\miron\projects\gomihiroi\gomihiroi\release\puzzleblock2.obj
c:\users\miron\projects\gomihiroi\gomihiroi\release\puzzleblock.obj
c:\users\miron\projects\gomihiroi\gomihiroi\release\main.obj
c:\users\miron\projects\gomihiroi\gomihiroi\release\level.obj
c:\users\miron\projects\gomihiroi\gomihiroi\release\input.obj
c:\users\miron\projects\gomihiroi\gomihiroi\release\highscoreresult.obj
c:\users\miron\projects\gomihiroi\gomihiroi\release\game.obj
c:\users\miron\projects\gomihiroi\gomihiroi\release\directx.obj
c:\users\miron\projects\gomihiroi\gomihiroi\release\gomihiroi.tlog\cl.command.1.tlog
c:\users\miron\projects\gomihiroi\gomihiroi\release\gomihiroi.tlog\cl.read.1.tlog
c:\users\miron\projects\gomihiroi\gomihiroi\release\gomihiroi.tlog\cl.write.1.tlog
c:\users\miron\projects\gomihiroi\gomihiroi\release\gomihiroi.tlog\link.command.1.tlog
c:\users\miron\projects\gomihiroi\gomihiroi\release\gomihiroi.tlog\link.read.1.tlog
c:\users\miron\projects\gomihiroi\gomihiroi\release\gomihiroi.tlog\link.write.1.tlog
